1 281 216 125 76 219 275 47 
2 161 99 208 
3 228 
4 296 176 212 
5 209 147 291 162 223 
6 206 
7 256 
8 193 92 118 220 20 49 
9 290 130 
10 93 292 155 
11 13 120 
12 95 128 134 65 112 225 83 
13 278 
14 35 23 179 
15 149 
16 224 19 85 284 9 
17 266 181 
18 123 
19 127 6 261 17 
20 61 144 40 221 48 
21 113 240 
22 201 262 
23 14 111 87 18 38 57 
24 3 52 
25 30 
26 250 10 
27 170 37 
28 132 
29 196 141 
30 252 
31 177 246 205 41 138 
32 192 89 
33 45 270 
34 175 
35 59 11 
36 7 100 
37 136 145 282 
38 215 
39 0 43 
40 75 235 229 
41 140 274 
42 248 276 285 
43 58 157 29 110 190 114 297 
44 27 77 
45 105 64 56 86 135 
46 82 217 126 
47 273 183 
48 24 124 63 88 
49 186 
50 121 263 84 
51 108 255 16 
52 139 187 185 
53 152 46 
54 182 298 
55 214 50 73 289 53 
56 233 
57 109 259 159 96 213 
58 283 243 2 
59 44 15 237 184 117 137 169 
60 173 
61 107 103 51 178 
62 67 131 
63 146 199 28 102 
64 115 267 
65 242 226 
66 294 260 286 202 251 
67 60 104 271 
68 163 195 204 269 197 
69 238 188 258 
70 227 70 97 
71 68 74 36 165 
72 148 164 198 119 32 257 
73 78 166 
74 171 106 264 
75 21 244 90 22 81 280 
76 101 143 
77 189 
78 62 168 158 254 31 33 
79 66 42 
80 55 116 
81 230 180 268 241 249 295 54 245 
82 98 151 
83 172 231 
84 218 207 211 
85 167 72 174 160 239 79 1 
86 265 247 
87 272 
88 122 203 200 25 293 
89 156 71 
90 91 12 287 
91 133 194 
92 26 94 
93 5 253 150 
94 154 
95 210 153 
96 222 4 80 34 234 8 232 
97 39 191 236 279 
98 129 69 
99 277 142 
100 288 
