1 7024 7479 7336 3815 1082 5130 7614 4872 8039 6833 6158 8334 5871 9666 6181 7213 6450 4569 7498 210 2672 9052 6887 9343 439 1138 3177 110 2300 2088 7453 3308 2349 1926 2665 8755 4550 357 4594 1578 4329 7610 6371 3999 658 8988 7955 6732 3535 1244 904 9931 5872 2924 789 805 6430 7227 
2 574 4098 3474 1973 1840 5559 2129 1099 2595 2296 6377 4229 4213 8596 7886 2626 2902 4420 4121 6388 6254 6210 2986 7812 2439 5091 1632 9580 4291 2994 8401 222 2009 2163 2687 513 4325 8489 8953 8548 7664 164 5186 2460 6272 46 9257 8920 8156 9325 2394 5340 47 7634 1096 4174 6913 8434 9218 
3 699 7287 710 855 6012 3728 3026 5229 6513 4573 7736 9515 7804 854 6183 9007 6843 9232 3297 6085 6330 5901 6827 669 5266 7052 7580 3780 6292 9876 8821 6774 7181 6535 8901 799 1254 3705 6460 1865 525 1937 1734 8107 7458 9559 53 4331 2248 23 7404 4730 6337 6762 3559 8414 2727 4287 1714 823 4648 3608 
4 6373 4921 7512 7576 4588 1954 2582 3088 6439 8045 6687 9427 6636 3292 451 310 6838 602 7985 6967 6717 7832 1594 2119 9595 1509 6497 2462 6539 9131 7077 4148 2432 7055 6477 260 6747 2213 5323 648 6075 706 9336 3756 9950 8892 4602 5010 4523 2554 2775 809 5246 559 2793 8468 6154 8917 6078 114 1769 4752 9571 
5 3545 2048 595 3739 494 9304 6483 7903 4683 4834 3511 5284 6017 993 1383 2963 3203 4452 1575 8014 9251 974 5809 6968 9268 3698 8093 4559 1994 5098 6577 2543 8186 5087 6205 1435 5531 6142 9752 685 6555 6321 3148 2965 6547 9488 3471 3909 5778 6966 2867 6463 9120 3829 4914 9214 6445 3776 8476 
6 5037 5954 5297 9472 6166 8388 2638 576 7818 9664 4012 2080 1825 7899 9400 1830 6875 1409 930 6319 7685 4377 3264 4151 6990 3142 7646 5117 2607 1618 4944 8673 5768 629 8610 279 5078 7544 6831 5673 3873 8997 8903 3537 5466 2076 9379 3515 331 3450 912 9387 951 3691 9083 3047 5532 9757 3014 
7 4131 9059 6689 2283 3134 1476 2921 4128 7332 2717 7638 7183 3199 608 863 967 6779 5560 4399 6794 2525 1889 2310 6650 9637 4017 9450 3768 838 2860 7705 8619 6207 6313 5177 7980 3647 8798 1806 7731 646 2693 2323 3346 170 9408 6965 3961 5331 3462 8330 896 7951 388 3806 5110 6305 4619 7265 
8 8727 814 1601 2801 6083 3834 4026 6016 7566 1950 3303 270 2400 4133 2572 1810 5839 4049 3518 8079 4777 8858 458 2011 4686 3140 5120 941 9776 4457 7100 8597 698 9065 9424 7761 6223 1882 2617 9511 1135 8692 4949 3860 4680 3840 7184 4932 5392 3984 1121 8508 6359 2383 8333 2815 3181 8185 1461 4705 
9 2355 1776 3083 5065 7389 6379 7513 6757 7060 9719 2126 4758 7079 4946 8064 880 5338 6593 5166 5944 2104 8572 2544 4875 1491 2286 2205 6115 148 9937 5317 2490 1814 3382 3164 1805 6888 195 9175 1756 6521 6119 301 9013 381 229 5749 5006 5476 7290 665 69 3388 3623 8387 98 947 
10 7787 4359 9625 3261 9758 438 1861 7418 9543 4247 7411 7161 7613 255 4181 2220 7774 5162 7271 4480 8895 4390 72 872 4471 3449 8519 9229 4994 6895 131 9348 5255 3598 5313 5955 3959 1621 6642 8869 4842 8998 9981 8009 5813 5791 7906 66 3477 6043 1310 2526 7219 4054 9597 6466 2236 1174 1044 468 8458 
11 7706 7597 779 7121 5282 7028 2137 2682 925 358 6303 5219 7586 5279 2756 8304 133 5308 3208 5772 3940 3510 1536 2493 8686 4520 6446 5671 623 9145 3579 4643 5233 2215 3513 2731 9771 757 693 163 7409 8223 8961 9846 3745 3293 9404 454 6558 3197 8764 893 36 2856 6711 6766 2258 796 366 1110 
12 9213 8296 5314 3910 5580 1281 8465 5900 7558 386 3434 7990 7114 6835 6584 3435 9856 3617 587 999 3658 1532 2784 1745 3594 5375 8796 5585 8511 3010 2318 4091 80 3080 1295 8477 2212 4288 9039 4415 827 8719 7760 5307 3797 1761 8153 5108 8187 6705 306 1686 4896 740 868 7603 8750 2457 7717 
13 5439 7034 6791 9964 5472 2904 128 536 2396 4821 960 3301 3932 5527 5487 3420 6754 7964 4429 5358 4960 8081 1140 8751 7847 4526 8942 5823 309 1943 2708 8636 3034 7119 7302 101 4437 8441 7014 3063 8581 7291 9733 965 1427 273 5379 8746 849 3613 7867 7813 2278 2398 8436 6308 12 6511 978 
14 7329 240 9686 2840 3110 7941 2329 3028 8012 842 6541 6516 6660 9764 4706 745 550 2120 5744 6672 1401 2547 1207 7118 4318 1566 4117 4059 2007 9134 326 6729 4860 4011 9945 3066 7881 5102 6808 8271 9311 5470 5457 938 3540 6654 6945 2783 6656 1348 3175 3389 4033 2092 6196 8736 9340 8327 5435 
15 9035 9567 7446 4772 3162 1039 4123 8087 360 3812 3748 3982 3925 2516 9471 7543 1125 9425 4453 8617 3412 1892 1522 5216 1404 3612 819 7441 9432 7734 7483 7220 6533 8121 5548 1543 9850 5723 8094 433 8297 8119 402 764 2800 34 8625 7268 9434 8975 4111 7843 9497 8279 3911 4897 263 1394 9163 
16 1523 5164 2447 5204 7747 7393 5088 1157 7259 5024 6842 8483 8915 1583 7206 7520 8711 3040 9673 4693 3158 2616 4214 2427 384 8965 9187 7026 1985 2483 6004 3601 3913 6730 2974 6880 1468 3255 5210 2945 5469 9290 4222 5574 5040 1936 820 4859 3429 4920 2391 430 9473 5212 7001 712 145 6491 21 105 2855 4207 1235 7367 
17 4217 3271 3373 2532 882 2001 2933 1863 9021 6323 1949 2485 6626 5745 5794 990 4596 5893 8263 6514 5546 4309 3428 2888 5291 4378 7062 4833 7296 5424 7885 490 5093 9126 7789 3383 1356 8970 5686 6891 5243 6131 7105 1986 5193 903 8356 4066 1393 5874 5697 5520 5605 4319 4606 7149 5798 4721 1208 9583 3512 612 2481 
18 1546 4560 8355 1405 6756 7698 1081 1848 7653 7204 4376 3695 1582 2732 6106 6821 8015 1934 8257 2951 8239 8095 6155 9897 9287 4451 3491 6244 9127 6195 4639 562 6398 6970 4246 6465 6229 675 9755 834 2837 1650 8921 7225 1878 3319 2003 350 741 9622 407 4845 659 6930 9898 8451 5482 9961 181 5080 4709 4290 1754 
19 640 8507 6248 1681 1876 316 8096 1169 2870 4132 483 966 1218 8908 169 2781 1962 6484 7643 4999 57 8830 7257 879 3727 299 2461 1809 2862 7651 5039 8019 8848 42 3327 4634 7017 4394 7548 8570 6710 3597 5658 7107 8737 5995 4058 9544 6201 1598 9320 1708 5180 1142 4966 3390 94 2292 9732 5583 
20 336 7082 7791 2097 5171 6923 8599 9654 5545 4031 4870 8491 9939 390 6037 369 3016 794 1222 4582 8485 5306 4668 8667 6101 4124 6262 2360 5802 4315 5275 9044 8204 5842 2397 2927 8743 3628 8827 4846 6938 8808 860 2561 2722 9907 1113 802 6883 5811 3106 4985 8456 7805 6682 4170 9466 8725 1652 2202 
21 2036 5126 3345 9431 3168 2095 7547 484 9853 7254 9921 5989 1411 2477 8658 1567 3564 6324 2072 4621 6063 1731 2758 4598 524 7866 3917 3238 931 4936 8729 4014 6915 8415 7967 4939 531 5751 166 4044 8449 1001 8267 5683 9736 4702 3712 7437 7504 6050 3180 8578 8526 246 6490 5818 4578 1354 3716 
22 4479 4774 4805 9978 1035 3120 8944 9987 178 9259 5773 2949 9671 541 2946 6809 2676 5140 982 1032 7673 3788 9242 517 371 7598 8395 1728 5554 5201 9601 2030 8680 4746 6327 5512 4436 3218 9498 3838 9737 4482 1038 6405 5915 5508 8565 5223 6434 8076 6663 5269 4408 8870 8049 6606 414 1877 
23 4525 6784 5615 3200 527 1028 8131 3653 8956 6320 4840 5595 4385 7025 9647 450 6676 7752 8445 1832 3678 7160 9612 58 9468 2893 9189 8927 1658 5434 1269 8446 2675 1880 6174 2467 9920 6365 7810 971 287 8924 3212 4130 4078 4056 997 2918 9296 6476 1835 714 9399 6019 5453 5819 2238 3682 4301 1588 5225 
24 6796 8298 8011 4924 7952 1817 6431 3937 8936 985 6941 3488 6813 4675 2972 9738 7359 9644 9058 6526 9376 5273 5552 6536 3328 9100 3809 285 7893 6066 4605 5055 4211 3916 7631 9181 8948 4342 5348 7938 9616 5551 4041 4183 7901 1755 6953 4962 8170 14 5325 5804 4232 9224 9339 5538 4449 500 5349 9924 
25 4609 5616 4476 3530 9617 6594 2996 3003 3374 2830 1576 2847 4369 6839 1718 2089 7286 1733 6022 5143 9225 1707 3184 7085 2770 1775 816 8498 7656 184 9072 4713 4922 8985 7200 1600 6624 377 3546 8455 1020 2721 7188 1225 7234 6856 7647 6454 9378 6671 4790 6854 6384 4204 2366 7232 6748 
26 3503 6542 9115 7501 2736 7934 4695 8674 5138 2157 7157 5145 2219 8654 1363 6003 5934 6684 8400 2356 1239 9582 9396 9668 3649 6785 3021 201 9401 3531 9868 6964 3259 1640 5843 7175 6566 3430 1184 8862 1027 8116 9291 1504 3648 8837 3195 2640 5726 307 8147 2326 1019 7738 5005 877 1203 6400 
27 6579 5207 3281 5343 2476 1490 2501 4669 1599 3090 4786 3144 5925 4341 4126 9172 7141 1929 5347 7663 2646 3472 1304 4877 2587 9458 3690 2015 1918 4070 549 833 1280 7620 3671 103 3846 6720 1058 3313 7584 6118 721 165 6627 7948 4413 7132 6046 3107 1590 770 5754 6977 869 4297 6243 3013 7564 6792 1201 709 
28 4513 9697 4456 1747 5220 1137 5447 1309 7009 196 9765 736 8200 2689 1956 3114 5602 2677 9459 9726 3312 5422 7385 1723 9946 3353 5958 6357 7671 2167 4991 2782 2117 7044 7048 4719 9523 3656 1750 7440 6387 5815 4108 604 2478 313 2437 5838 5374 3084 2667 9802 4252 1055 9130 2247 1741 2839 906 2496 2891 937 5647 5665 
29 8100 5606 50 7635 2026 5295 5833 545 6245 5550 2101 988 6390 4534 1466 5156 3950 1908 6640 4403 4077 6467 452 7605 2051 1312 548 7424 852 8789 2358 8110 4734 4203 4419 6152 6161 5639 2753 813 4407 3689 4150 7384 3002 5495 553 7177 1094 758 6053 9863 707 3968 4761 251 4019 7435 
30 3243 3121 8067 2923 9040 4548 26 3725 2102 3075 4514 1074 8188 2875 5385 676 5196 8245 5607 1167 7086 6276 6202 1054 1069 6370 5329 7926 6198 4592 4902 552 3769 6718 1910 4618 9784 5968 7317 8307 7067 2109 8792 8101 1148 7369 1415 8345 526 1078 3470 4797 1738 6424 28 5816 9104 
31 7766 9577 3323 6363 234 4257 1919 769 2148 252 942 780 3604 9474 5479 1088 6097 4470 2005 5386 8907 6745 1896 9753 8308 8486 2728 2601 8180 2857 1302 4983 7999 8005 4622 9517 3638 578 8738 8981 932 2831 2168 3138 4744 7148 3669 219 1022 13 7612 8031 4099 9975 4095 5345 763 6552 8859 8679 7618 8840 
32 5649 1634 4906 3081 2757 5050 7860 1066 1482 9578 2436 8542 8043 9967 5014 704 2681 2796 3461 6284 342 2808 5198 8211 3366 121 876 3556 4345 3507 7282 8027 5465 194 6481 3789 8728 5464 5556 243 4250 1386 1442 2806 4037 6933 9501 5159 7658 9254 6811 6666 8547 911 9563 2992 3245 6268 1093 5327 
33 320 7842 2042 5873 4433 8941 9803 8105 9337 1839 7447 8804 1187 6693 986 9334 8253 1541 4701 4065 4489 5486 4528 5276 2235 6902 6674 4173 9787 6501 9956 95 100 152 2186 9046 5378 4167 274 4832 8501 8653 5982 1308 4712 3790 2680 7197 7976 6956 1297 5869 3861 7878 5118 3571 3467 8945 3603 7406 9838 6924 7826 
34 2533 8518 7080 9880 6436 5475 2193 4034 6560 9970 6356 4185 2571 8325 9546 2735 9589 1134 1177 7066 2253 7801 864 719 8608 622 7950 8561 8992 5333 2566 5437 701 2760 7844 7131 6407 1818 8641 6819 9314 1276 6755 9841 1467 6071 2720 9241 6943 2185 8611 7084 9034 1314 9397 8167 7281 8904 5997 6515 
35 9299 3692 8338 9413 9954 230 8259 7895 7379 1957 2178 6934 8406 4082 9893 7649 8381 4625 4785 5179 8218 1898 9813 4536 6929 96 4097 8949 9327 409 4814 2569 7969 3808 9574 4029 8062 6040 4839 5383 25 4447 8001 9935 7252 9548 8563 6904 8342 4485 7187 7537 4491 7032 7101 6179 6979 3381 2084 
36 1860 7669 975 9926 6540 7351 3526 9528 7429 6120 5993 7352 5315 1149 5144 5070 8546 8800 6456 8215 7991 9182 610 1139 220 3955 9000 3847 337 6722 4063 3588 5085 7134 1487 5856 2348 4971 6862 6459 8541 9030 991 9962 5328 9081 6638 9341 8818 4995 3607 1271 3219 5256 2599 3520 1606 2861 
37 9953 180 5003 2492 760 8404 7357 973 7857 3070 8922 129 365 4654 39 7910 2642 3676 8775 6041 2094 2480 7341 3426 7221 7642 8282 4472 5829 8943 8771 8073 9090 4086 3702 4007 9011 3516 1283 3482 1768 3615 7410 3225 5086 5350 7178 9158 3872 3951 6777 5127 1136 349 5898 6504 5597 9554 9020 
38 370 6607 1265 6936 8720 8020 6458 8574 1124 2210 174 5526 9073 471 4764 5248 6440 3774 5234 2854 2869 2816 2353 1819 2354 8732 5617 3456 4926 6562 4442 744 9014 3304 4954 2586 3889 886 4085 9692 1289 1946 9873 4917 6908 4801 2674 8416 621 7174 7399 1917 980 6543 6478 4270 4430 4743 2511 5417 1915 
39 1384 923 1293 7360 5376 6765 1759 259 6163 3427 1064 3056 3226 9905 3244 5152 7211 5861 7238 8208 6922 8233 4354 7166 4372 1540 4089 650 7854 5641 6315 8531 4506 7596 8181 4553 7628 2077 6725 6427 4073 3098 6014 4306 7058 2277 9195 4023 3392 6509 2316 836 5666 8383 2192 7484 5239 7931 
40 4733 5636 9818 2463 2108 2622 9789 4062 8881 2017 4584 7390 6563 6780 5231 2489 4873 750 874 2678 3354 6267 227 5135 3068 4847 2588 5023 2536 4843 752 522 5859 6746 3082 4422 4352 9783 6468 8697 2322 1 8770 6742 1757 8820 627 5976 8939 6750 4045 5775 9247 8522 1587 5247 7639 
41 3102 8866 9456 3206 1460 8429 3115 2656 7554 6822 4957 516 5399 172 1970 1767 7063 6715 7905 6090 8051 9786 4106 137 4997 7358 9801 4546 207 2038 6810 2694 3914 2454 5228 9684 5543 5017 4272 2719 3567 9164 8408 266 4850 1133 1298 7711 1552 972 8860 4189 8856 5064 6307 5397 5400 3463 3718 4125 315 
42 7481 1930 9173 5705 4672 8050 2336 4907 2468 3794 9386 5885 2500 5835 3468 8366 3032 3700 7124 236 3651 9857 2602 555 4990 205 3874 5832 5351 6628 7622 4016 1474 440 3487 688 4142 1153 4574 6751 5373 7202 9227 9552 332 3116 6438 9383 7561 8769 8433 8277 2150 7981 3566 7992 5341 5561 1037 6653 
43 2922 8363 2578 6429 9437 4649 2232 1249 1433 3061 6872 9690 3611 2803 5668 1076 7182 8065 6215 4115 2976 1838 2177 8106 3394 2459 4386 2305 571 1991 4566 6061 1336 5822 4035 7876 4644 2712 2807 9106 3785 2820 1180 4945 3941 6302 4475 3560 294 8790 1966 1005 3818 3299 4384 6679 939 4736 1977 5267 
44 6896 7888 2550 1586 435 625 9139 6581 894 6435 3476 2885 6802 6105 3444 4459 4558 1420 4042 1493 7331 2914 359 1370 5128 1377 992 5762 9155 3350 2413 4113 6218 564 8842 7135 6386 2742 4742 4976 292 321 9464 2653 2272 2276 3413 8699 2442 873 1551 6261 8631 2942 6532 
45 2636 6971 644 2227 1214 2610 5401 4532 4427 6652 7194 3758 9316 6850 9887 6759 190 2954 597 5360 8293 9064 8272 9205 7116 7798 2411 8544 5764 3974 496 4767 3403 5656 5678 3933 3290 4658 2639 6136 3562 7757 5662 1119 8880 825 3900 2433 4891 2940 7127 9800 6231 1246 934 3330 7693 6449 
46 7035 4815 8916 9345 6686 940 4411 3699 1649 9518 5190 1688 7126 7858 4856 5655 944 6047 2657 4177 394 3193 7872 5547 3896 9610 9258 2302 4788 9077 7545 6564 7944 2342 2789 4708 1559 9570 3642 3478 7666 4363 3906 3627 4718 1664 2381 5965 1706 866 2320 9079 398 1630 9293 3030 7517 74 120 1051 2418 5592 8676 7106 
47 38 7098 7503 155 1458 7532 1209 6643 7046 4322 1631 3841 2317 3465 354 3156 3224 3469 6696 7136 2160 5237 3663 5387 1339 1070 1831 4020 7422 4316 5122 507 7750 8734 7764 3590 6596 6578 4640 7889 818 7897 5481 892 2407 5701 8310 3629 9623 6251 5879 5000 1782 6618 3073 2597 2615 2058 7592 
48 8053 1402 7462 6082 7569 5891 8884 8885 8150 3864 5094 4524 6369 2123 3401 7289 1423 4993 3425 7702 2265 2221 7924 9881 6587 4382 443 9323 7695 2118 3205 6647 5188 2641 2596 804 2568 7879 6665 9489 2429 9709 5712 9016 7228 2412 2848 6997 9761 9099 1341 5318 705 4597 647 7072 1045 4410 638 
49 1158 8069 6814 250 4015 9779 588 6874 1595 1713 5432 4371 5628 1979 9326 4735 871 5766 4188 1016 3694 6149 4975 4001 8894 4884 6116 2939 5031 4984 1421 6524 6266 768 245 7349 7823 9499 3231 3750 4343 3096 7214 1412 2071 3677 1646 4688 6091 2821 1353 970 717 2882 1098 1822 8772 1581 6849 9872 5878 3926 2161 5702 
50 9107 9780 9309 2284 771 7619 9338 7765 3673 8240 5760 7059 7528 3899 4692 6500 3247 9632 4753 4236 43 4682 4438 1424 6554 2504 4425 383 4900 8627 7015 5747 8004 1569 935 4 4615 5215 6168 6137 1561 9605 2369 8535 2883 2983 3821 1417 44 2060 2711 6721 5285 1155 656 3286 3795 1105 812 626 5183 
51 147 793 8389 2825 9193 9724 4961 3227 5812 2246 6544 3706 8661 6059 1673 5737 4389 3883 3800 4515 6840 444 4465 8650 5847 8540 9469 2683 1033 6550 5277 9116 7524 1693 9446 7000 8838 4662 8706 7535 1829 8092 5077 642 6475 1677 735 3376 6496 6260 2110 4819 551 1778 2451 5415 2066 420 2445 4813 5309 6507 7262 
52 9274 9851 8444 1705 5044 3452 3494 5111 124 9360 9071 5704 8999 237 8291 5394 2106 2472 2022 4473 2737 9891 6984 499 3267 6673 3850 8258 6634 6781 3272 9809 7962 6797 1698 8778 2256 5289 8785 6126 6065 199 1859 7480 4614 8849 9900 1975 5016 1489 5054 3746 4243 1395 7482 8794 722 3356 2217 9908 
53 9421 7445 4400 2281 4176 5155 2797 1608 7870 4200 7778 68 3284 7378 9681 3447 6991 6864 7407 8085 703 7113 8232 4478 8516 7444 3998 9019 7073 733 5549 3370 6193 9061 2211 5334 4320 8086 5082 6255 2971 5799 2512 4806 4898 6753 9010 9792 8162 1230 2449 7727 9091 9815 9140 9103 
54 9190 7859 7637 2535 7074 6600 1198 6677 9869 6068 8035 9657 9713 839 3662 7468 7318 9988 4499 7089 8972 8357 4032 8905 1905 6316 8717 4554 4980 5771 9596 9009 7413 7510 7681 3525 9969 8098 7997 4311 3000 2255 4404 9180 7054 9581 8463 1704 4667 8662 2352 6506 9693 8078 959 1657 689 7396 9369 2450 4567 9495 2182 
55 7795 7507 7522 4681 2039 1807 2363 8195 5337 9349 9321 3473 2548 670 1795 8117 8123 4822 9018 533 221 2668 6392 6206 1593 5685 9426 8841 5623 4803 3713 4652 7855 7397 1441 8891 7751 8227 7267 5454 1205 9769 5404 7432 1322 1944 6226 5820 1592 6799 8164 5471 8877 3886 226 9708 3496 3086 4965 7439 7372 93 8320 2087 
56 5821 508 9704 2651 1083 4934 5919 7784 3386 3118 9286 7224 5068 7443 2203 8077 3835 4829 7374 5405 6503 6994 426 4935 4853 1351 5052 4254 3915 7995 6225 475 6294 2295 7130 5540 3589 4431 5729 6770 3517 1129 4601 5664 382 5680 3012 9979 2267 1183 7120 4660 3053 8431 1638 5342 
57 9934 8214 8410 3067 4398 8768 7337 4646 1453 9324 156 6629 8708 9560 8928 9512 2669 3714 5638 3349 8270 1086 88 6335 2690 862 7868 5746 92 4228 3862 8016 1481 1763 594 1092 3552 4079 9265 8191 2023 5305 8671 9138 8428 9236 1545 5368 6380 7305 6015 7075 7772 3605 5657 8514 739 6279 1432 3972 5735 7572 276 
58 6995 1537 9444 9867 8888 1836 141 258 1010 4529 2405 2049 8677 1274 9451 4928 738 9350 1067 200 5748 5061 2740 2410 1196 989 7880 2799 489 8041 7839 2378 7400 104 2631 731 297 3740 7382 7767 6132 2105 5929 4726 8394 2773 5089 3529 4324 3600 6461 9874 8471 660 9209 9298 3361 2107 
59 7692 9233 7973 3017 4645 2035 87 5033 2440 7137 3251 9740 7833 747 5456 9097 9538 6712 6426 9717 6733 1091 2298 4321 6471 5115 561 5626 6159 7500 4202 8375 4068 2710 2332 8152 7519 4890 2706 8605 3343 7338 4127 909 7316 7563 9650 8879 7223 4502 4104 1497 7559 1709 8718 
60 8655 5694 1886 8852 6612 9505 9743 1041 9194 9017 7090 8833 183 3089 3100 6441 2743 6329 4608 5030 9433 6447 8329 8364 7460 3884 2859 9561 7140 1059 4110 7882 6420 1786 8169 2969 4908 5732 3880 7718 6772 1123 6494 5398 8262 4067 9936 3234 7626 5075 7690 7927 3650 77 3005 8311 620 1858 7003 3256 4303 7939 
61 1448 8285 9609 7928 8176 1558 1625 7266 302 8466 249 5367 6520 8265 1049 2637 6545 9368 2552 6588 4738 9486 3076 9055 3446 8348 3963 9592 6412 1972 1897 4577 3634 5429 9877 9655 5817 6404 6801 6989 4650 472 3733 2925 2153 6851 6992 5998 1683 3085 672 968 480 8036 7094 9266 4338 5099 9438 6192 
62 4551 3117 1202 9003 3048 1642 1095 3038 1320 1406 7909 5598 8993 7869 2308 4927 3141 5581 8991 8209 6188 2140 5770 3912 9355 7036 3188 1282 7917 8367 6111 8018 5985 7978 2239 8735 432 348 9593 8141 7380 5569 7170 7817 9110 8691 9997 2169 8700 2014 5142 4563 4122 2013 9929 2973 238 1087 405 1721 782 
63 7533 6605 1147 3871 7004 9318 1548 1241 5197 5582 2435 5594 6649 6548 7323 9555 5756 2075 2802 9634 3660 7581 6855 2469 7218 1507 3355 473 7540 4737 1042 723 5757 9282 4716 4205 1327 3182 1955 2714 224 7670 2420 5170 9388 5069 566 5176 497 1982 8723 8586 7696 8695 1753 4198 9342 6999 1255 4684 6194 
64 3701 3479 7644 1884 8657 5515 4093 8530 5326 580 1003 8139 1726 9910 1292 361 7640 4638 7198 7334 9529 3126 9159 4175 9638 5236 3214 5107 3464 2162 2739 983 6894 3664 5604 9677 9249 9759 5936 8799 8575 8190 9614 2853 9705 605 9699 8070 762 3833 1903 801 1811 2772 3918 7814 8759 5294 9777 
65 5230 5451 3440 1960 5789 4863 5957 7247 8926 501 7694 9805 6348 3772 8703 1981 9531 8911 2935 3935 7209 1781 6038 8112 7310 7313 7231 2509 9359 2194 5845 2868 7293 8721 2081 7173 9773 3072 9503 8256 5362 8872 7088 9004 7299 2705 3277 5474 6143 5072 8382 423 1983 4397 7720 5206 9977 
66 3311 1006 1360 3241 400 5785 3360 1626 6551 6403 2115 1349 3711 1285 2154 1891 2152 4782 7873 7573 6528 6683 7347 8687 463 774 917 2171 6362 8857 1637 5977 2033 9174 7179 1400 9642 1111 5564 8399 7346 2503 9307 9085 139 6700 5304 3371 998 328 7340 6234 3351 6939 3741 1471 5382 9630 204 1883 
67 6826 7030 6009 1554 8582 1871 5868 1780 4002 9696 4537 7258 9198 9718 5996 783 9211 910 9675 8205 8424 7502 7376 2777 7850 5707 4300 9094 9184 1980 6306 8571 5514 2027 216 1909 557 8057 1821 6793 3568 2362 3563 8938 5930 1827 7759 3171 6238 4974 2542 288 5300 8126 2301 2057 5698 847 6340 6527 7398 
68 6664 9689 8851 4750 4725 1160 5695 3849 2200 9963 7045 9430 5946 4759 5903 2871 2145 2702 1342 6703 3377 1916 8801 1127 6204 6740 8391 7763 5988 6848 8607 1429 32 3018 242 9080 5200 8246 9830 8324 5114 2649 1719 5116 2795 9735 6350 6219 8149 3771 5986 9087 5332 412 3550 8182 4273 6530 
69 692 6300 22 8021 3869 2309 9122 5524 6236 1629 8660 633 7203 9405 5153 5249 140 9276 9575 4628 1902 6495 9412 9074 4561 2068 9317 6986 1443 3375 2382 4458 126 7633 9244 4849 851 6798 5095 9367 5205 1573 5537 6344 5038 8696 1689 9113 4146 1014 4678 7654 8893 8989 2069 6171 6049 7255 2054 4710 4776 1961 
70 1345 4187 1864 9199 8913 7095 3595 3159 7912 8251 8042 6112 8566 4046 1921 4481 7230 7578 3139 9382 8235 3147 3189 5251 188 8097 7863 5539 3882 4630 5057 256 9250 2374 2707 9162 3314 3223 7675 2047 3065 6364 786 1452 6018 2658 3655 6455 4448 3362 628 8089 4631 8193 7856 2671 6786 4539 1933 
71 4412 1030 7264 4138 6033 1229 7278 1963 5187 2679 2604 4575 1475 9993 798 5445 1893 4579 9285 7678 2956 9279 2082 1846 2633 3329 2932 5113 835 611 171 1324 6987 5883 5260 1454 9760 2828 5411 376 2581 5163 2612 8887 8630 7487 4818 7697 281 4568 2175 9243 3417 8 2761 7022 2142 6095 
72 7499 4022 2763 8048 6969 4940 6191 2438 2716 6898 8229 5880 4141 8740 6453 7416 1173 2421 5136 2944 8122 5498 4765 8052 8793 70 6034 9739 289 3726 7043 5674 4657 467 5715 6029 3179 2293 8340 448 395 5049 3497 4008 3409 6283 3252 6125 7235 4651 9885 8875 5828 9095 5158 8656 3574 2577 7199 9826 9277 
73 5063 8669 6806 2652 1077 2271 8109 2494 6265 8559 4230 7672 150 2059 7959 5112 8175 8649 4882 3770 2491 1974 8124 8264 2024 6421 5690 4544 7156 185 4279 3591 6008 2897 2487 1002 4593 6981 1752 4769 9178 6146 3582 3369 2818 4586 510 186 1073 1596 20 9814 5689 8762 7246 7442 375 708 2531 7794 4444 3920 
74 7505 6775 49 3857 4158 7641 5371 889 478 9319 6644 2845 8254 3485 5851 9027 7511 8854 6237 4152 1998 6241 6739 7295 4862 8072 9522 1118 1272 3859 7966 3942 5966 18 1262 2315 8024 6067 6277 3596 2560 5939 8142 6639 6270 3681 9691 7835 6389 135 1556 8242 3957 9727 859 2562 1620 
75 5199 8341 826 6127 5858 631 8286 5203 6847 8409 4793 8722 6906 417 7677 6099 4943 1645 6124 5909 1823 341 4837 3273 9308 1273 5059 1881 6086 9894 2696 8137 4226 3761 1252 4333 1610 6448 7494 7463 6230 7703 56 3036 5810 5529 6052 4409 7565 9125 853 5319 1470 4120 7968 2787 8950 7684 922 2249 
76 202 1895 5781 7551 7846 6960 9060 3396 2805 4956 537 6884 7557 9051 5886 1875 2303 59 8032 6920 687 2952 1488 83 441 5426 7602 2594 8248 9811 4607 1682 2482 9842 8595 7010 2684 4722 8260 6771 902 284 1562 2834 8918 4616 4723 6395 8995 6419 6817 7012 9238 3919 9256 8025 6173 3235 1913 9568 
77 1247 4968 6795 4673 8665 5192 7998 591 85 8373 2648 5914 4867 9260 1116 9768 1762 2890 5240 8198 7201 8628 3288 2043 7239 1788 2518 9643 4827 1103 921 6482 9525 1612 3001 9510 3845 1034 6706 6023 4549 8114 8374 2809 3532 4755 8470 9558 6069 5846 7829 4781 8238 295 6250 5803 8741 2224 619 5503 
78 5895 2892 6333 5272 1635 558 2865 470 6487 9481 4360 7740 7237 278 5806 1941 6227 3875 1804 4381 4240 1511 1330 6767 9854 4163 3721 1890 9864 5834 373 7809 272 6940 97 2906 3737 7875 2252 1004 9767 3947 4387 7403 1182 3765 1380 5097 4392 8855 2347 8817 160 2704 8040 5022 2471 6852 3454 5718 
79 2563 7749 474 5733 4812 1674 8521 1463 6385 8192 9509 6590 8349 8493 3178 5795 8462 8482 9025 3130 6103 5790 4591 2216 2635 6113 7490 8314 8017 9384 7785 2517 6322 1416 8994 1194 7388 130 3399 1277 979 6885 9651 3894 2733 4698 1340 138 690 3112 7391 2846 8059 4374 843 766 3783 298 6899 2415 
80 3856 5497 563 3348 4462 7891 630 5950 1287 3555 5600 3145 9504 4190 3747 3696 4535 3547 5134 1925 3897 5355 2794 7601 8268 1613 3777 8384 2896 5570 806 5863 8765 2136 891 5947 2046 8613 511 6641 5090 9944 1175 3643 2863 3839 1800 3544 9516 115 9373 7942 6488 5755 7553 950 1699 9824 
81 7615 727 3640 2254 1971 9835 7146 8865 291 3931 3805 1366 8968 9264 1365 5045 7383 9796 5797 829 1438 5488 6713 1025 9588 6117 5921 9586 5441 2465 2879 5428 9346 682 901 7852 2551 772 427 3934 3561 5887 4527 327 4810 8088 1696 1317 9520 5459 713 8588 3986 8365 1571 7661 1425 9212 5217 2387 3132 7819 3266 
