2 6520 8466
1 262
5 9702 1831 7821 9956 9507
1 2007
3 9099 9407 1789
4 4144 8702 315 4473
3 7904 2946 5423
3 2343 289 9402
4 5317 4253 4470 6413
3 4898 8553 6312
2 8452 6763
6 7329 4869 7945 9575 5610 4388
3 6363 835 3732
5 5864 7143 6005 9697 9720
5 2693 3054 9055 4751 9276
6 1480 3623 3960 2367 6578 28
2 6072 6439
4 5739 3829 6627 7720
4 7003 9526 8681 3838
1 8606
5 7882 4614 9661 4322 9364
1 8070
2 2298 5635
4 3905 252 4868 7968
5 7314 4845 5164 8080 1946
2 2491 4768
4 2735 4232 3262 7621
4 6462 1644 8380 8545
2 7028 2698
5 881 1323 2412 4032 5835
4 39 8066 9989 1802
3 9509 2197 6272
3 3187 1251 4273
1 3864
7 8038 4291 4776 6743 7291 2275 5153
1 6830
3 5437 2877 683
2 4998 1448
3 6362 2021 6187
6 8160 4112 1625 538 7340 3081
7 8991 8699 1932 8872 3989 7419 5203
1 3134
2 1817 6288
4 3198 1899 3674 2853
3 4303 7944 1120
5 6548 2214 7749 8454 2160
2 4996 7983
3 8732 4723 5165
4 9503 8432 888 6249
5 9011 4612 9313 917 7064
4 2881 2142 679 6683
2 9764 778
1 7182
2 605 7565
4 1107 6759 4399 1465
1 6834
3 6740 427 6313
4 2605 9986 8960 3908
4 558 1311 1298 279
5 2288 2313 5632 5967 9184
3 9624 6322 754
2 7476 3670
4 6382 8645 5093 3464
3 6581 3652 9479
7 1773 6907 6133 4658 7923 1375 9653
2 7280 1140
2 8239 7943
3 7347 5968 9542
4 2204 9953 7868 2465
2 7966 3975
4 3508 7328 2652 4363
4 5156 9559 1847 5905
5 5763 9030 2140 8932 5109
4 1721 2549 3566 6060
1 2134
3 264 347 9400
3 7373 7806 4320
3 8464 3252 5657
2 928 1003
3 2591 3792 2690
5 5426 7746 2910 1698 6624
4 4924 3775 913 5221
4 9489 5037 4961 8707
4 4301 744 6519 6801
2 8721 7716
2 4087 8543
7 9100 4247 1724 5721 1905 1933 9031
6 9897 5837 2958 5048 1401 4
2 5377 2544
3 9444 1525 6172
2 6724 7496
3 5321 7125 5027
4 134 1917 1060 7455
1 3887
4 2787 345 3205 8299
6 4532 2931 5394 3407 2670 7006
2 3491 1242
3 2984 4753 517
4 613 2266 7852 2453
5 9751 489 8619 4937 1955
3 4450 6933 3312
6 1071 3114 5462 4244 4330 7595
2 1594 2596
6 854 8343 3435 2000 1224 3257
3 4184 559 1614
3 7318 2594 6334
5 3311 634 5314 853 7404
2 3265 6303
4 288 378 2837 6927
3 5625 5581 1957
5 3962 6639 9265 3996 6808
4 8885 2682 7320 3489
3 129 188 2022
4 8667 7332 1850 6210
5 698 967 4058 3399 2364
3 3877 7972 3656
3 723 4114 7088
2 1680 3521
4 1725 4380 2505 6542
4 6169 5708 9057 6482
2 8893 5661
2 9451 2822
3 5679 8411 9441
6 4029 1686 798 6811 2457 1101
3 5997 6360 7520
2 3705 7548
3 1374 9301 701
4 4135 5001 8313 5901
3 8625 9477 7408
5 3256 3610 5104 1328 9630
4 3625 6371 9679 88
3 2147 5434 9654
3 631 2495 7986
3 6526 6943 7644
3 3215 9060 6241
4 7196 3703 6934 3976
4 8565 8511 9775 2311
3 2692 7844 755
4 5593 3066 2115 1318
5 1188 8676 8643 1282 1597
6 2122 3494 8526 4262 8779 7361
4 8749 2406 8739 4662
2 619 8862
1 1545
5 8786 5393 9588 2577 624
5 103 9784 7900 8203 9939
4 3630 8568 2893 7793
5 5452 4632 2820 3216 285
3 4148 995 7578
4 7387 4625 9530 9053
4 1666 793 8365 150
3 5151 5934 676
4 2918 3118 2904 3418
4 2499 8664 739 6892
2 5833 1595
4 205 874 1424 1748
5 8868 1146 7771 5949 6149
3 2959 5460 7494
4 5260 9118 5894 9467
2 9663 5900
3 3828 2879 4685
3 4647 155 8654
3 3163 2847 1468
3 7892 8247 7557
4 2863 745 921 549
4 8048 8206 9338 7864
2 6108 7195
3 1691 1520 6588
2 5604 1392
2 4220 7289
4 2261 4046 1234 7052
4 5950 6825 6476 154
4 7205 1302 6323 9616
5 2382 694 9666 9068 8414
3 5424 7020 962
4 171 5917 8489 794
1 6514
5 5072 577 4730 4525 5045
4 9447 3910 9974 553
6 2082 4536 8587 5892 6958 594
3 8046 8536 7065
1 7937
5 4942 9581 1476 4939 670
5 2112 7728 3966 3095 9308
7 8167 9090 2545 7447 4095 9365 5779
4 6181 9358 5580 7160
1 9097
2 8736 4987
5 6689 9028 6159 7584 6559
2 6935 2609
5 6102 9310 5078 8799 1884
2 1586 7288
3 2379 3469 504
5 380 6855 376 1968 6122
5 7253 8061 7997 443 9069
1 3749
4 1816 1380 8243 5543
4 3061 4757 6279 7639
6 2512 5658 4628 8200 2011 8165
3 2662 6914 8827
5 5619 6463 473 7669 9221
3 2272 7374 5039
2 7970 2839
4 2242 2050 3379 1878
5 9944 1624 2629 2229 3879
4 8244 5932 2178 751
3 2344 78 8253
3 8124 1271 7207
2 8402 6922
6 3090 4802 7248 2304 3746 2237
3 5505 5176 2993
7 2198 2352 9355 5031 1172 2947 9187
3 3117 3965 8675
4 3173 4385 1935 8126
6 5481 8624 7957 6340 9958 4596
5 1572 6309 410 9678 6708
2 7293 3120
4 1286 2468 6220 2540
3 8762 4597 4820
4 1119 2330 4149 3313
5 8745 7620 4659 9433 6264
4 6145 9193 6485 1369
2 4735 9862
4 6012 1322 5274 5578
4 8767 2832 519 3362
2 1486 2983
3 6480 251 1853
6 2119 4985 8417 9435 9719 1587
5 946 6921 9474 6004 8603
4 7322 2332 1197 8946
4 654 8914 4749 6717
2 2806 1345
5 2978 8014 1342 3180 5142
4 4884 2155 5495 2649
1 447
4 2741 3191 0 7701
4 9788 650 1617 6645
2 5895 8410
4 4163 2722 3041 1579
5 4460 6555 5353 9869 1983
2 448 3737
2 7798 9520
4 2522 5186 4387 6663
4 3330 8548 1736 6969
3 3548 5671 9139
4 3982 470 3847 3728
2 9689 8881
3 9967 3742 3222
3 3206 9410 1912
3 3940 9612 8808
4 5674 8934 300 805
4 19 6227 7218 1091
4 1554 8997 9382 7461
5 8353 34 5482 3571 441
6 1908 5480 5643 9406 1039 4708
3 7501 6664 8377
2 4340 7528
4 1155 7279 5327 4766
3 7181 201 4695
3 938 6696 2840
5 3139 6069 6678 8275 3712
2 3091 6445
4 4575 6564 4486 5169
7 9586 7867 4981 6466 2802 9166 4091
4 1057 7718 1695 9792
3 1989 9596 8316
3 6792 1187 5662
4 3487 9965 4212 9281
3 8016 440 8029
3 9455 2777 9552
4 7787 1213 4265 6635
4 7345 2366 4638 5217
3 7105 775 1293
6 6729 2648 7056 4323 1004 6259
2 2289 459
1 1823
3 6495 9238 998
3 8525 911 2262
5 7394 4026 2080 8015 8892
1 8156
8 5626 1415 4880 359 4593 3493 9851 1255
5 5664 9240 2999 4823 5897
6 9979 2768 9318 5303 9726 7186
3 4306 3592 329
4 4572 986 6195 455
2 1433 181
2 3310 5130
6 6491 8079 3186 7448 1252 5017
4 8458 900 7616 960
3 4872 7100 1705
4 1934 3150 3689 6242
4 8784 4789 1295 4497
2 9144 5159
4 2646 5121 3646 8327
2 7228 3645
1 4127
1 6
2 7487 3741
4 3337 8257 7334 3581
3 1041 3096 9834
2 8785 1341
5 4944 257 7443 6036 3704
1 1270
3 4249 9676 9573
2 1367 9638
1 6470
3 1459 8006 8622
2 5044 7027
2 5694 8842
3 7653 9252 1754
4 7438 6583 7907 8556
4 3980 1092 2519 8188
4 8272 8284 5339 1699
3 7431 3878 8971
4 7741 4316 5647 73
5 2517 4665 6094 5212 4038
5 2721 8692 9009 2092 8995
3 9814 1179 4654
3 7285 8573 5084
2 9648 7562
4 1975 7593 9782 7774
5 964 1827 2524 9219 4115
3 8655 905 5238
3 825 107 6978
8 7711 397 6398 968 8741 9508 8282 7950
5 3359 8823 9333 8438 7121
4 6902 2346 5145 5402
3 54 1542 6691
4 9880 14 1915 6552
2 8251 4274
2 9220 3531
3 6621 7221 4196
4 3801 9006 5783 4082
1 6467
3 5490 6070 8010
4 4810 2462 7576 1982
3 1216 9378 7815
6 164 1776 8449 843 6560 3147
2 4054 9568
4 6131 4092 3881 5014
1 6365
2 7563 3816
5 3213 6034 2141 9583 3278
1 7133
1 8718
4 7536 3731 5102 1185
3 8683 4028 663
4 2018 7589 3763 5488
4 9158 7850 3146 4769
5 9780 7516 4848 2932 5
5 9657 7094 1428 6124 6355
3 7267 8778 1237
2 1215 3478
5 6281 7638 2027 7991 8258
3 2316 9437 3897
4 3721 5984 9017 5606
4 6055 9032 8279 7622
5 4673 9844 7290 1811 2643
1 7460
5 6353 9153 5054 5896 4158
4 539 3509 6250 8455
1 7146
6 8395 2056 2381 5018 5845 3619
3 355 8072 464
6 3795 4689 2292 7427 3753 4378
4 5908 1334 7316 6472
4 3694 3779 4664 1009
3 3515 6677 585
3 204 9705 1591
7 396 6245 4396 6014 8234 2433 9950
5 4074 4834 245 4610 4864
3 9919 2111 2597
3 446 4485 5105
3 7833 5356 8863
1 8087
3 4624 8143 8308
2 4189 4412
7 9742 8366 2714 7168 2439 9303 3411
2 9540 7309
2 2193 6228
2 5794 8106
1 5758
6 8150 7454 6602 9889 9959 8905
1 8248
4 5136 3472 3074 9949
4 461 5802 210 1126
5 7817 3557 9735 5348 2225
2 6207 1456
4 2269 1660 4854 394
4 6530 4484 8836 5501
2 3868 7810
3 3733 4978 7457
2 5898 2138
3 4298 4240 1073
4 6692 4928 6481 1575
6 81 2374 8812 7176 9336 8576
5 2400 584 8145 87 1753
7 1209 3555 6863 6601 5520 7012 3519
4 8672 9626 9826 3935
3 738 8078 2180
