13 466 7528 6256 8569 2069 629 8389 1783 4801 8792 5698 3808 1006
20 4032 588 5490 9435 51 4937 94 6997 8556 9889 8513 1031 3092 4952 3112 7983 2866 7180 6590 8233
1 9307
8 516 1631 3589 2247 1500 4862 8834 4290
7 5956 156 5942 1027 7816 9697 7214
3 2634 1953 140
7 2953 5237 523 9494 8660 3952 4755
9 3171 2003 5665 1160 8317 137 5587 3167 8430
15 3578 5919 1392 6840 6399 9400 527 3068 6796 2172 6795 2313 8287 7520 1888
10 987 428 6356 1418 2006 6252 1559 1122 7351 3595
8 6215 7782 6524 6200 1569 9956 1816 4473
4 9389 2108 3048 7741
11 6071 6834 172 7296 4399 9123 1850 5906 2002 3859 8650
11 7780 415 5164 1810 8439 8152 612 6514 4135 7838 6250
11 1126 4805 9459 9367 6893 8346 4462 1603 9049 3401 2254
2 4243 2497
13 1724 6306 6248 210 4840 5509 4220 9169 538 2728 9162 2467 1979
21 8489 1698 7105 949 7433 854 5769 3287 2021 9835 3670 7993 6972 2768 7102 8880 5277 2164 5464 7431 7025
10 5964 6545 5131 1723 1706 9185 476 8160 447 4394
4 283 4268 1274 4633
3 8982 8625 722
10 5629 9242 3779 5596 9938 2378 311 2460 1151 7221
3 224 5321 2357
13 167 1575 4287 5525 9461 318 2303 6852 7451 8509 9546 3298 9384
8 6284 130 2516 3809 874 9829 8086 3569
15 9177 5358 3832 5575 6105 5832 7229 8893 4445 2360 5056 1512 7209 5349 4347
8 1366 2068 3074 6581 352 483 3815 7519
17 6595 5874 3004 676 6101 8635 7365 2775 1489 7261 3553 3501 4162 7633 6124 5594 6715
10 1073 8712 4412 4306 6845 3605 9675 7279 6896 3786
10 2135 6296 8745 4735 3510 1123 3002 6518 780 8431
18 7163 8717 7719 7689 4759 3036 6562 8531 5863 1835 6984 270 6671 857 5877 6857 4665 8597
17 281 1684 2333 8434 5030 8536 7963 5363 384 9744 2222 998 2559 7270 2750 3860 3766
5 7694 5178 9369 225 5504
11 813 4959 1634 5106 3565 5501 7118 7232 4071 6536 2573
6 6224 5986 8557 2267 5189 8148
8 1215 1141 5060 5559 1003 5119 93 6216
9 9025 3902 9772 6290 1195 4830 4105 3573 8993
8 3358 8938 1369 5829 187 6626 2862 7376
14 7190 8458 9409 5297 7463 6558 3542 4209 2856 8498 4804 8420 2810 7330
17 9488 3939 9848 1257 7905 7506 6507 4376 8832 9399 5356 852 7254 4930 7259 9932 30
2 6055 1637
13 2742 392 121 9256 8372 9730 8472 7522 1377 2799 8929 4998 8799
7 105 2304 1424 7939 2140 4871 9550
9 6771 855 136 4301 552 3106 7377 6383 8038
9 6190 8643 8957 73 2122 3513 9724 9170 3402
16 2893 3784 1721 6504 7099 1981 3975 1414 9585 2420 5163 533 6958 9991 5320 934
20 921 9359 7818 58 8719 2835 9943 4413 9777 116 1000 2995 7020 6086 7435 89 1241 500 7805 4310
12 39 692 5759 4061 8081 3863 314 8690 3813 208 9058 6351
4 5028 201 4539 6708
12 8680 8794 3379 8603 3178 5781 3131 4393 7026 4002 7775 5385
14 9658 2226 3157 6807 9530 8508 5780 707 9261 3979 2299 5891 9017 3700
8 567 5958 6198 3404 3529 8561 7123 2903
17 6492 1658 2183 5444 2028 5382 4831 628 2584 5993 2356 7349 371 2300 6166 7807 3694
5 4064 5689 1680 6007 6246
14 1743 3412 1382 1299 8494 604 5697 9281 6442 7429 7103 2364 6191 1301
8 6002 9244 8485 498 8695 4327 4689 824
10 6727 2960 9642 9738 1460 7591 246 9415 7569 1548
15 5304 8368 2310 2667 9424 6816 2748 1304 1647 8831 3147 3144 4921 2543 317
20 6280 9674 8103 4207 9935 9310 3928 1041 1118 4746 9318 761 3439 4568 9195 522 6594 7255 7339 9759
9 9545 4398 937 5837 9981 2621 5743 2043 3342
4 8101 7854 1266 7892
4 8976 8265 6755 2271
10 1939 8990 7551 2225 3927 1183 1247 6393 1823 5639
24 7109 8036 9405 460 3420 8464 2049 2337 1050 5031 8126 3158 6601 5691 6904 9365 6847 3219 1660 4602 8768 3773 8056 2060
11 8983 7430 4758 1497 8596 5565 3039 1811 4692 6424 708
21 9184 3263 1064 8560 3151 4583 6452 2053 9780 4609 2239 7646 6521 9579 6811 5593 8312 2585 702 3575 4468
14 2574 4085 4018 5132 4448 189 3149 6563 9916 2132 6410 3608 6023 1913
6 5173 9731 1851 3474 8031 5215
9 477 4022 6762 2601 5123 3094 2051 8537 9378
20 853 8140 2387 3037 6123 1535 526 4902 8541 193 8324 3393 6801 2047 2846 9562 3551 8970 5124 4081
9 4613 5121 2148 6649 2291 1764 4471 6782 9137
5 6428 6142 6532 7318 2686
18 3032 394 9093 715 5503 3069 8835 4126 4231 7175 4238 5949 7575 2927 8214 9589 7200 5150
3 4780 1773 3663
3 6598 9275 8034
6 5760 7839 8966 5544 3811 3097
5 9696 9523 4256 6141 9094
11 8273 9214 4043 3741 1337 7785 596 575 3870 3628 4048
14 6509 2690 1432 4766 4176 8376 9994 3470 9612 6128 4240 6841 5023 6628
13 9233 2137 6582 795 3230 7557 8931 3652 67 7127 6680 3601 464
15 5477 3817 7185 8027 115 1937 6485 3174 1610 6472 6983 2078 8175 1069 560
11 3237 1435 455 9750 662 4908 2851 8259 5514 1206 1116
16 851 7405 7403 1852 6127 5387 3942 240 5249 4760 2914 5305 3896 6181 3163 5608
13 9766 1438 3438 5416 1683 2131 4634 7141 5568 3462 59 8367 3619
13 347 8204 5350 1049 4975 7972 5306 8958 3366 2734 8475 7083 7994
7 7776 4467 5530 4846 204 329 4087
9 772 6109 289 5126 3638 1522 7061 7480 9694
7 5705 5519 3305 3827 6196 7030 1238
3 1809 3303 5065
4 3508 9342 9109 3909
12 4776 5974 3335 9107 2004 1196 1390 3008 3211 4102 7399 1536
5 7003 1643 7317 8096 499
20 5924 7739 718 9504 7122 9972 9940 9127 8203 9896 104 1081 6067 4203 8778 2029 672 3446 8059 1248
13 1357 5605 3681 7716 5934 4741 8484 9046 8600 9053 5348 5032 8191
1 98
13 8342 8709 6927 9339 9859 3734 8874 910 1385 3281 865 142 6322
2 2245 5987
20 9236 862 7706 8781 6489 7242 3899 3058 8058 7067 7196 2399 9356 3729 2615 8131 5799 398 8333 4984
6 1285 2362 8623 3422 6177 9583
14 4029 909 9992 472 9856 1908 1306 7928 8327 8913 5621 8757 5714 7790
7 5327 1079 782 8343 2747 9857 8314
12 6263 1586 5889 7969 1645 5969 5144 1047 2679 322 8875 3767
13 5298 6751 8851 1822 5435 6145 3055 8743 2526 3943 1815 9531 8301
17 6304 4753 2096 9407 9321 7087 3911 5391 266 5166 3875 6644 6455 9005 8522 4606 6202
6 7877 3931 7678 6490 7911 6557
6 7966 1933 7182 4588 8473 688
5 7850 1794 9425 5408 5075
19 5034 7256 9193 9699 4457 7235 7572 1720 8441 2566 2326 5197 9608 249 1576 7201 9983 5770 1973
17 7956 7799 7437 6031 8549 3209 1332 8181 5512 8739 7147 9668 6137 4251 2680 4880 6714
6 3668 442 5527 1235 4427 5776
8 7804 4928 3796 1231 9207 363 849 1284
3 9055 1778 152
13 5827 7142 5739 514 690 6959 6180 4180 9708 806 6158 9163 6890
14 9715 2563 9454 3613 5461 8380 358 8501 6864 6967 6993 6980 1265 7933
11 7945 7466 7665 9937 9950 4744 8124 2998 4419 7670 9691
14 9874 5134 9074 6197 6624 4553 1057 2549 7029 2614 8104 9241 9176 6839
13 7309 3268 238 5158 9947 1780 2823 4640 3052 6255 9088 2629 7669
18 8143 4706 6072 3009 7 2916 2205 5677 4798 6359 9082 1805 1681 4611 5324 3177 3539 6763
2 6951 9784
7 4600 1792 8886 5717 5488 2030 3129
14 1519 9760 5198 9797 9975 8061 6022 1950 9022 6029 2785 7156 7244 6629
19 3690 7499 8005 8942 9363 876 1034 194 5015 5861 9316 7268 2116 1719 9968 3977 6597 5414 9619
19 6469 1142 2967 9602 1945 7674 9313 334 4781 4003 3665 9978 9421 5167 9451 7666 753 5670 149
2 2190 973
2 5280 6625
14 4845 8277 4472 4476 6199 9045 1959 9814 6176 2058 5772 9518 7754 9270
4 3179 2948 9481 3935
11 3081 4092 2955 1639 5797 1134 5085 8766 9524 9218 2289
8 3980 8039 8687 8945 3088 3807 5638 1949
7 3115 1415 4828 4929 5675 8849 6148
6 6635 3473 4365 4712 828 8572
11 4219 8095 7840 2104 6254 1604 2165 3604 7198 8114 989
14 1988 2665 6528 8171 5401 547 5013 278 1695 2910 9868 2352 5855 9556
1 7368
11 1566 9439 1180 1767 1909 1184 297 1463 4418 9021 7071
12 9813 6925 6005 3311 1176 3388 9570 8378 6722 346 8767 5220
20 9543 4401 8612 3225 1426 7603 1611 2700 76 7630 8703 8223 571 3654 2173 344 9725 9157 6942 5232
1 7774
6 5089 2231 7510 4944 341 9346
13 5294 5793 5191 6188 5238 7124 4348 2485 412 2921 7614 4230 5207
6 2198 7263 8266 595 1100 6787
4 8150 2502 5640 3143
6 4737 8728 5897 4199 6436 8334
13 3073 6688 2259 7622 6044 3751 1412 2942 2228 1769 2278 4761 2461
8 1628 8026 8708 9349 5346 4630 3596 1076
20 4980 1788 160 7497 2127 905 3650 8178 7757 9458 3844 2329 1467 5430 8705 1256 4949 4688 154 7926
3 6830 6325 8395
14 4446 2741 550 7484 5830 7164 3684 581 6881 8897 7269 1961 1234 1054
14 7560 3621 1971 7516 9628 8749 1826 339 6203 6962 4328 7014 4134 2288
8 6448 7495 9634 6586 1102 5905 470 6724
5 9026 4714 9414 1307 4897
4 4940 9729 9554 9520
4 4774 3260 5598 1289
8 5910 1323 9657 727 9623 8502 2652 9441
6 2401 7750 2415 3159 6337 8526
12 6053 4223 6615 640 6313 8139 5693 7447 5133 6918 7709 8608
5 3090 5513 2827 7800 7241
8 7393 8384 4470 7189 984 292 1793 4031
10 8995 6122 4726 745 145 5771 4597 9762 1326 5623
6 8978 5331 8870 8718 1978 2836
1 7364
11 8825 2398 6860 7169 180 2920 864 1813 3259 2771 8776
8 6186 8891 170 8847 9364 9790 9799 8985
10 3348 2253 6976 8558 3765 1359 2414 1545 8964 6637
7 5468 1270 1487 8405 8118 5175 1146
19 5788 4851 1845 4362 357 7621 3658 2940 1174 923 6802 2908 4554 8493 5813 735 5682 4887 7789
13 3193 7151 730 1131 2511 3003 1972 3648 2603 3760 9897 4449 1738
17 3971 7363 9686 4918 9345 4852 7783 4997 4891 7728 4598 1165 4681 1516 2141 296 8953
17 1044 2201 2038 4208 3754 8332 3903 9739 3139 6713 7313 6170 737 9722 7898 9836 2103
8 6387 4721 4701 6357 9325 3829 2011 175
16 5816 8016 372 8511 5234 9004 9016 4142 7871 3247 9285 7605 23 3563 5057 6075
8 6303 7736 590 2412 6698 9985 3570 7577
3 1630 875 694
14 4694 3045 804 9809 4357 1517 798 5165 158 6444 367 2589 1977 1541
1 5453
10 6060 2085 2881 2138 7944 2178 7925 2628 6641 8641
11 8809 3851 8704 5344 8161 2234 5309 2286 4136 3600 931
3 933 4821 4920
8 6875 4913 1975 4792 3022 3756 5573 9654
14 4076 5574 9763 4305 3559 5008 2711 6631 3104 2327 9786 9782 6001 1442
9 7724 1768 5471 310 8358 7910 325 5807 5183
20 3181 4572 29 4119 1091 9133 9635 3424 2318 7827 7306 8488 3682 805 3717 6889 1546 118 8543 8461
11 5728 2822 7617 8299 4030 9287 6183 1156 9592 8213 2554
20 9964 147 2524 1831 1373 4316 3318 3302 1667 5896 1020 3948 3261 6057 3258 4302 4537 4218 4813 5193
4 1624 5953 4961 5505
23 5696 425 4089 5242 3747 4639 9000 2651 6572 930 8057 457 781 3743 6430 9385 5918 1152 3838 4538 2343 1931 7565
6 373 4397 5172 2587 8386 9961
9 9434 6690 5511 9423 4174 37 513 7065 778
3 9404 4478 6891
6 4899 8583 8595 4324 6870 3079
12 5651 7281 7350 8127 660 8553 5129 1353 7951 3685 9876 704
18 7258 3556 2160 6858 5658 7096 6758 8655 5901 3564 8398 2713 7206 359 3543 9455 293 5706
7 1303 1879 5498 8240 2024 6245 4411
9 2363 9885 8415 6189 8141 8619 2473 6350 8925
12 6233 9489 5064 4281 639 6046 7588 8916 8592 7811 2678 9080
17 3155 9329 2689 61 6981 2631 6718 1919 8823 9010 4021 1179 7864 4710 2824 1910 2493
11 1787 1594 8032 422 8818 4971 7524 4811 4574 3857 6665
17 6517 4950 5817 2301 168 8788 9970 1140 1153 6836 4167 9069 5724 5266 8383 4969 8382
17 6525 8399 1513 4885 8991 9057 4960 6310 9598 166 7937 5753 9757 1689 7048 2220 9198
19 8229 4343 3252 8210 8482 7007 7224 3408 4557 7340 644 1733 1039 7176 9216 6848 9515 4011 8074
18 9029 2837 4985 2905 2897 9334 1802 4381 7711 3389 4165 8305 3484 9331 9152 9912 9984 2281
9 2581 91 3536 8221 9030 3961 5928 1321 7649
15 6754 4074 6106 254 5289 8068 7090 1735 9140 7793 2186 1889 1707 3431 8533
3 4297 4458 2388
11 4194 7508 6076 1957 2262 2152 3953 1055 252 492 7946
6 4788 1019 8408 1742 511 9547
7 9684 6882 3475 997 9274 8392 8637
5 3353 4075 4168 2582 9841
8 1942 5360 7159 5496 1659 8463 3021 4090
9 2931 9164 2550 4091 8374 3582 6522 8449 2397
15 3963 3234 4704 2717 3974 9973 7490 3960 7916 8280 3218 1109 3357 6243 4926
5 8701 5201 5084 6279 3350
13 1436 6409 7396 8899 2519 5168 2275 8018 4579 5051 7941 8011 4111
7 4416 5241 9733 3901 6675 6645 2660
5 6710 1136 4060 8584 3448
9 3579 7648 9716 573 9336 8973 6146 6898 1263
12 3639 902 4995 859 4225 1167 9143 1925 79 5838 826 8055
6 4066 4130 2753 7747 4351 1587
5 6975 9267 5007 8663 7039
9 6935 8678 1615 6884 395 6206 1824 5447 9003
19 2347 3327 7808 4925 7226 4017 6854 2405 719 3407 9652 3657 9224 2575 744 8774 4794 5789 7654
6 9114 5151 3913 3889 4654 1466
4 2437 1349 5070 9895
6 120 5886 4523 8211 3396 438
3 8580 7033 5255
12 5177 4387 3064 6147 6324 8910 7914 2159 2431 1252 6766 6538
9 5379 7726 4475 9220 177 6185 6316 7062 898
11 4815 2211 5069 3336 3406 7848 6634 8681 7607 1115 69
7 9347 4260 5865 3479 4540 9816 5107
17 2974 3884 1082 3347 7273 4750 6473 8737 4543 1710 5620 652 4271 128 9223 3531 724
7 3284 1686 2389 4510 7918 3489 3227
11 3487 5606 5599 2616 7786 7204 8756 5985 2032 1904 2654
2 1596 2754
3 9380 8217 7820
1 7690
13 9480 2207 8850 7266 8876 6082 8808 5618 6474 1245 1446 8677 7566
13 7427 4016 7056 90 65 9433 7135 8093 6363 8862 5933 6420 1790
9 5110 7459 4273 260 6178 8369 2757 8601 4545
12 1322 1557 2076 1618 5846 1433 8510 3016 3038 5850 27 3798
11 4812 8054 6329 5012 2498 2050 6411 4486 3498 9770 6343
13 9237 1008 634 4436 5086 2266 8634 7853 9590 9231 7343 7879 3812
15 6677 5798 9475 701 8901 9986 3864 6963 2760 9828 7760 8548 8979 1399 3828
12 450 5440 8699 4749 9656 491 1207 9126 2990 1860 3841 1581
4 4359 7700 6576 915
6 2017 5096 6960 403 1441 4646
7 1916 4192 1287 8123 8540 4923 1796
11 7920 3243 7705 3850 638 9358 7130 8197 2204 313 2875
20 2872 5577 4259 92 8341 1771 4082 6599 5209 6297 3089 8117 5908 4326 9670 2359 532 5653 985 1067
6 3056 2923 3141 5142 9802 4077
5 2868 9537 7908 38 9443
11 8645 3750 6153 271 5916 7766 9746 9648 5300 7513 2691
1 819
26 6388 1620 9416 972 7792 1582 6600 883 1135 8133 8250 9695 1609 7116 2996 9089 2529 327 5595 9953 5425 6646 1191 750 0 959
6 199 7504 4962 5092 2999 5560
2 5206 7796
16 5081 3315 5545 2366 5731 8829 5402 9151 122 7210 3545 4444 1045 4063 5269 2572
12 1230 5703 6756 5233 2120 9279 3233 8350 8450 5876 1974 6906
3 5025 8194 9431
15 668 2632 6040 625 3312 8486 8615 6777 8300 8968 8477 4536 9028 908 7461
8 4320 7639 197 9621 7752 2951 7746 411
1 7534
11 1668 5692 4415 8252 4488 7220 858 4596 9555 9142 8471
11 1562 799 3632 8182 749 6391 8000 9517 5475 2840 2451
21 1749 7112 3440 8442 9446 1204 3581 2340 1419 3571 8793 3626 7316 2596 7088 3061 9066 8046 9791 9108 6608
5 6699 4731 9601 3006 2283
11 2520 9919 439 9752 9136 9105 8107 6604 561 5001 3822
9 5199 7192 1621 5393 7769 3391 7587 528 7374
10 207 9086 14 4541 1324 3294 244 6663 5659 6940
13 1454 2168 3250 6868 4619 5446 4863 2808 3869 4528 8961 8711 2709
12 7001 2434 1171 6295 2989 365 5699 835 2968 7409 5532 2608
20 8328 9706 1644 7957 9250 2052 8459 2644 320 1292 3528 6419 5456 8202 1038 9843 8771 4083 901 4405
17 7064 5443 4118 5118 4173 9801 4340 1242 7954 3355 9048 3466 3276 3636 4827 5097 7650
16 186 8238 8532 2206 8661 2605 520 4150 4500 6531 7599 1929 4495 1558 8274 969
12 288 3687 3764 8697 7687 6666 1375 2404 3904 3530 4463 8357
9 4976 3226 8657 5656 8298 6731 3900 7073 8164
18 8067 6752 8996 5203 7037 4013 5384 5500 6691 5074 4546 1422 1756 3228 2800 3080 8237 4680
13 2035 5254 7060 2156 9870 4229 7440 8904 409 4526 5645 7194 3763
11 6483 6230 5750 8567 563 5712 8073 3976 5263 1004 4215
7 7227 9514 8200 2093 3723 8867 9138
4 5216 4647 1423 215
9 5171 9001 4337 1701 5841 6955 2105 776 1226
10 9512 420 1277 6261 4779 6094 235 1025 620 4414
14 2648 4783 3785 9181 7874 3429 9396 8542 812 2858 1229 2811 3418 7336
6 3496 9891 2879 8503 7771 1531
10 5061 5672 8029 1413 9792 5526 6235 7022 3637 6396
9 8763 3274 5465 844 5135 6664 7737 8730 2732
15 6117 5602 5245 4837 611 1510 6042 8077 5853 4770 1501 6661 5258 2449 228
9 6548 8321 4222 7729 4675 26 9065 1727 9430
11 9536 4407 3677 7271 6394 7237 405 3421 3964 1144 4842
2 8339 9604
10 316 1549 127 2238 2445 9381 2876 337 7208 3235
8 2379 1437 3994 7680 9403 2779 8325 4901
6 6747 4253 3322 8262 5392 7049
5 7473 4434 8715 3 3926
10 8734 758 891 1264 4204 7845 6054 6481 9753 6908
8 2992 8174 7959 9360 299 7901 667 7887
10 8755 1361 7314 792 8267 300 4050 2939 6417 8582
8 5619 9113 3947 3210 6222 2150 6544 2505
13 2826 2324 8437 9875 6916 6996 7333 2466 3156 7825 9420 912 4374
4 9018 7148 7624 2623
19 2736 5244 7006 1505 1752 4882 570 7735 8902 7858 4169 9667 1849 2825 2501 386 7132 9453 3804
7 3906 839 6609 8391 7444 913 9293
4 2099 5217 4051 9012
25 5952 861 1821 1317 920 8289 6729 1729 6508 5922 3984 4577 4276 879 7974 7702 3991 6853 716 1494 1411 1591 404 406 666
16 7948 1514 8388 8852 5018 6920 5407 9714 9618 6372 9326 4740 5222 9819 3277 5557
7 5536 9477 7436 8588 9607 9666 1225
14 4718 1859 1155 9402 1379 9027 3395 9788 9798 6273 3567 6672 3071 3518
5 4832 4696 2971 2677 8344
6 9890 6610 6555 5746 24 6091
21 1178 3282 3698 8716 1 2235 6554 6392 2177 8877 8949 4565 8033 5856 5521 1682 1291 9260 4039 6113 3196
13 9808 7927 3300 3483 7356 685 7656 9467 8950 4914 869 6547 7930
6 7106 3013 870 2938 8335 2805
4 7934 7777 4163 3245
8 3576 8218 1416 4423 2346 7149 4461 5803
4 8065 8208 9192 3635
21 7662 2947 7740 5328 6262 4288 2492 7243 5187 5811 8282 7642 6275 7079 3463 7150 922 9734 3641 9178 9395
1 8670
16 45 5671 650 5388 6880 4663 988 4836 4517 3415 1857 4358 5441 3467 5784 3410
14 7284 4785 9893 4566 6929 9191 5022 4564 3201 6780 1346 2917 7802 5006
4 4529 5365 1598 6687
25 7675 623 1525 5625 4601 2943 9011 1649 7146 1691 5880 783 9366 2870 7416 8370 3486 5137 9075 766 6408 1746 2525 429 6510
11 7975 4878 8495 4687 7745 99 4451 4235 5970 7031 1642
21 4088 5802 4404 8721 5458 9332 3363 820 3205 880 5087 8323 3118 15 2544 5900 3450 756 1867 8682 1043
13 6903 5415 9690 5292 2898 2442 1479 6107 9100 6092 5374 4782 3549
13 3615 3367 4732 4848 8451 9563 8782 8752 6294 7167 1551 2248 3137
9 9812 1254 5611 3283 3540 3456 4 9023 3426
5 5875 5337 2936 8700 7157
1 2436
17 4054 2683 4465 5981 8379 5421 4658 7442 7855 4252 916 100 6349 6308 6702 3215 6418
4 1875 1157 7635 5622
7 1718 3695 7849 7413 4175 5044 4447
12 361 4513 7681 5141 4047 1022 3602 4917 8371 287 762 9858
6 5507 2625 2738 1655 1759 7305
9 9930 9578 7047 2874 2090 8354 3184 6656 8308
9 6932 391 8606 7174 7152 7767 9153 3454 7895
10 4670 770 1269 8911 7470 8001 8097 6298 8824 5368
14 369 9121 2413 9311 7469 4691 5246 8153 4096 4354 9915 8846 5476 1182
11 6568 5893 7795 80 8928 5252 4911 540 1090 1175 8797
11 7625 6321 2899 290 4514 7412 1608 863 2952 8554 1924
10 6856 8169 9102 2787 1341 335 1943 6496 8816 2533
4 8243 6587 4773 9817
15 2276 8192 8173 4179 4425 2618 8538 5404 7068 236 2454 525 8291 1434 5982
13 4067 7867 8205 6689 4823 5429 1046 6281 696 7446 9732 4224 5355
14 301 9726 8401 5864 3521 3485 8529 6775 248 7327 3826 9063 9647 3362
2 5913 4644
10 3534 2871 4695 9552 7628 3442 3317 5442 3985 2956
3 2839 6957 8694
23 8620 5857 5330 5815 7890 9462 4709 6440 8134 8575 9299 3720 8336 3460 9183 2475 2189 86 7117 8605 4808 8069 1868
9 354 5548 7017 4311 1837 3978 2193 5898 1464
9 4350 7888 7817 1170 3627 2932 2562 2119 6668
